<?xml version="1.0" encoding="UTF-8"?>
<testsuite name="com.mannanlive.settlers.service.NodeFactoryTest" tests="1" skipped="0" failures="0" errors="0" timestamp="2018-07-24T01:36:13" hostname="Mannans-MacBook-Air.local" time="0.045">
  <properties/>
  <testcase name="create" classname="com.mannanlive.settlers.service.NodeFactoryTest" time="0.045"/>
  <system-out><![CDATA[[IRON(10)
0 > Nodes: [981369443, 1454118449], Tiles: [IRON(10)]
1 > Nodes: [825402149, 1300945301], Tiles: [IRON(10)]
2 > Nodes: [981369443, 53028829, 897758231], Tiles: [IRON(10), SHEEP(2)]
3 > Nodes: [1300945301, 294457865, 181413852], Tiles: [IRON(10), SHEEP(2), MUD(6)]
4 > Nodes: [53028829, 1454118449, 1074658964], Tiles: [IRON(10), WHEAT(12), MUD(6)]
5 > Nodes: [294457865, 825402149, 1611647118], Tiles: [IRON(10), WHEAT(12)]
, SHEEP(2)
0 > Nodes: [981369443, 53028829, 897758231], Tiles: [IRON(10), SHEEP(2)]
1 > Nodes: [1300945301, 426480604], Tiles: [SHEEP(2)]
2 > Nodes: [897758231, 302950890, 1029180513], Tiles: [SHEEP(2), TREE(9)]
3 > Nodes: [426480604, 181413852, 596502780], Tiles: [SHEEP(2), TREE(9), SHEEP(4)]
4 > Nodes: [302950890, 53028829, 1723689506], Tiles: [SHEEP(2), SHEEP(4)]
5 > Nodes: [1300945301, 294457865, 181413852], Tiles: [IRON(10), SHEEP(2), MUD(6)]
, TREE(9)
0 > Nodes: [897758231, 302950890, 1029180513], Tiles: [SHEEP(2), TREE(9)]
1 > Nodes: [426480604, 26988262], Tiles: [TREE(9)]
2 > Nodes: [1029180513, 2094916016], Tiles: [TREE(9)]
3 > Nodes: [26988262, 596502780, 811285727], Tiles: [TREE(9), MUD(10)]
4 > Nodes: [2094916016, 302950890, 1035648140], Tiles: [TREE(9), MUD(10)]
5 > Nodes: [426480604, 181413852, 596502780], Tiles: [SHEEP(2), TREE(9), SHEEP(4)]
, WHEAT(12)
0 > Nodes: [1644804387, 1454118449], Tiles: [WHEAT(12)]
1 > Nodes: [294457865, 825402149, 1611647118], Tiles: [IRON(10), WHEAT(12)]
2 > Nodes: [53028829, 1454118449, 1074658964], Tiles: [IRON(10), WHEAT(12), MUD(6)]
3 > Nodes: [294457865, 1909068979, 404648849], Tiles: [WHEAT(12), MUD(6), TREE(11)]
4 > Nodes: [1074658964, 1644804387, 1881727682], Tiles: [WHEAT(12), WHEAT(9), TREE(11)]
5 > Nodes: [1909068979, 1611647118, 1598528837], Tiles: [WHEAT(12), WHEAT(9)]
, MUD(6)
0 > Nodes: [53028829, 1454118449, 1074658964], Tiles: [IRON(10), WHEAT(12), MUD(6)]
1 > Nodes: [1300945301, 294457865, 181413852], Tiles: [IRON(10), SHEEP(2), MUD(6)]
2 > Nodes: [302950890, 53028829, 1723689506], Tiles: [SHEEP(2), SHEEP(4)]
3 > Nodes: [181413852, 404648849, 2122937746], Tiles: [MUD(6), SHEEP(4), DESERT(7)]
4 > Nodes: [1723689506, 1074658964, 358617897], Tiles: [MUD(6), DESERT(7)]
5 > Nodes: [294457865, 1909068979, 404648849], Tiles: [WHEAT(12), MUD(6), TREE(11)]
, SHEEP(4)
0 > Nodes: [302950890, 53028829, 1723689506], Tiles: [SHEEP(2), SHEEP(4)]
1 > Nodes: [426480604, 181413852, 596502780], Tiles: [SHEEP(2), TREE(9), SHEEP(4)]
2 > Nodes: [2094916016, 302950890, 1035648140], Tiles: [TREE(9), MUD(10)]
3 > Nodes: [596502780, 2122937746, 585747893], Tiles: [SHEEP(4), MUD(10), TREE(3)]
4 > Nodes: [1035648140, 1723689506, 1093128472], Tiles: [SHEEP(4), TREE(3)]
5 > Nodes: [181413852, 404648849, 2122937746], Tiles: [MUD(6), SHEEP(4), DESERT(7)]
, MUD(10)
0 > Nodes: [2094916016, 302950890, 1035648140], Tiles: [TREE(9), MUD(10)]
1 > Nodes: [26988262, 596502780, 811285727], Tiles: [TREE(9), MUD(10)]
2 > Nodes: [2094916016, 1958156619], Tiles: [MUD(10)]
3 > Nodes: [811285727, 585747893, 1641784751], Tiles: [MUD(10), IRON(8)]
4 > Nodes: [1958156619, 1035648140, 221464644], Tiles: [MUD(10), IRON(8)]
5 > Nodes: [596502780, 2122937746, 585747893], Tiles: [SHEEP(4), MUD(10), TREE(3)]
, WHEAT(9)
0 > Nodes: [1927542763, 1644804387], Tiles: [WHEAT(9)]
1 > Nodes: [1909068979, 1611647118, 1598528837], Tiles: [WHEAT(12), WHEAT(9)]
2 > Nodes: [1074658964, 1644804387, 1881727682], Tiles: [WHEAT(12), WHEAT(9), TREE(11)]
3 > Nodes: [1909068979, 1054000573, 43575573], Tiles: [WHEAT(9), TREE(11), TREE(8)]
4 > Nodes: [1881727682, 1927542763, 360636522], Tiles: [WHEAT(9)]
5 > Nodes: [1054000573, 1598528837], Tiles: [WHEAT(9)]
, TREE(11)
0 > Nodes: [1074658964, 1644804387, 1881727682], Tiles: [WHEAT(12), WHEAT(9), TREE(11)]
1 > Nodes: [294457865, 1909068979, 404648849], Tiles: [WHEAT(12), MUD(6), TREE(11)]
2 > Nodes: [1723689506, 1074658964, 358617897], Tiles: [MUD(6), DESERT(7)]
3 > Nodes: [404648849, 43575573, 2018447745], Tiles: [TREE(11), DESERT(7), IRON(3)]
4 > Nodes: [358617897, 1881727682, 1343802392], Tiles: [TREE(11), IRON(3)]
5 > Nodes: [1909068979, 1054000573, 43575573], Tiles: [WHEAT(9), TREE(11), TREE(8)]
, DESERT(7)
0 > Nodes: [1723689506, 1074658964, 358617897], Tiles: [MUD(6), DESERT(7)]
1 > Nodes: [181413852, 404648849, 2122937746], Tiles: [MUD(6), SHEEP(4), DESERT(7)]
2 > Nodes: [1035648140, 1723689506, 1093128472], Tiles: [SHEEP(4), TREE(3)]
3 > Nodes: [2122937746, 2018447745, 361580367], Tiles: [DESERT(7), TREE(3), WHEAT(4)]
4 > Nodes: [1093128472, 358617897, 1997707300], Tiles: [DESERT(7), WHEAT(4)]
5 > Nodes: [404648849, 43575573, 2018447745], Tiles: [TREE(11), DESERT(7), IRON(3)]
, TREE(3)
0 > Nodes: [1035648140, 1723689506, 1093128472], Tiles: [SHEEP(4), TREE(3)]
1 > Nodes: [596502780, 2122937746, 585747893], Tiles: [SHEEP(4), MUD(10), TREE(3)]
2 > Nodes: [1958156619, 1035648140, 221464644], Tiles: [MUD(10), IRON(8)]
3 > Nodes: [585747893, 361580367, 2010205278], Tiles: [TREE(3), IRON(8), SHEEP(5)]
4 > Nodes: [221464644, 1093128472, 1639921328], Tiles: [TREE(3), SHEEP(5)]
5 > Nodes: [2122937746, 2018447745, 361580367], Tiles: [DESERT(7), TREE(3), WHEAT(4)]
, IRON(8)
0 > Nodes: [1958156619, 1035648140, 221464644], Tiles: [MUD(10), IRON(8)]
1 > Nodes: [811285727, 585747893, 1641784751], Tiles: [MUD(10), IRON(8)]
2 > Nodes: [1958156619, 519549687], Tiles: [IRON(8)]
3 > Nodes: [1641784751, 2010205278], Tiles: [IRON(8)]
4 > Nodes: [519549687, 221464644, 2110245557], Tiles: [IRON(8)]
5 > Nodes: [585747893, 361580367, 2010205278], Tiles: [TREE(3), IRON(8), SHEEP(5)]
, TREE(8)
0 > Nodes: [1881727682, 1927542763, 360636522], Tiles: [WHEAT(9)]
1 > Nodes: [1909068979, 1054000573, 43575573], Tiles: [WHEAT(9), TREE(11), TREE(8)]
2 > Nodes: [358617897, 1881727682, 1343802392], Tiles: [TREE(11), IRON(3)]
3 > Nodes: [43575573, 9030383, 404449016], Tiles: [TREE(8), IRON(3), MUD(5)]
4 > Nodes: [1343802392, 360636522, 995626758], Tiles: [TREE(8)]
5 > Nodes: [1054000573, 9030383], Tiles: [TREE(8)]
, IRON(3)
0 > Nodes: [358617897, 1881727682, 1343802392], Tiles: [TREE(11), IRON(3)]
1 > Nodes: [404648849, 43575573, 2018447745], Tiles: [TREE(11), DESERT(7), IRON(3)]
2 > Nodes: [1093128472, 358617897, 1997707300], Tiles: [DESERT(7), WHEAT(4)]
3 > Nodes: [2018447745, 404449016, 2022308026], Tiles: [IRON(3), WHEAT(4), WHEAT(6)]
4 > Nodes: [1997707300, 1343802392, 916036598], Tiles: [IRON(3), WHEAT(6)]
5 > Nodes: [43575573, 9030383, 404449016], Tiles: [TREE(8), IRON(3), MUD(5)]
, WHEAT(4)
0 > Nodes: [1093128472, 358617897, 1997707300], Tiles: [DESERT(7), WHEAT(4)]
1 > Nodes: [2122937746, 2018447745, 361580367], Tiles: [DESERT(7), TREE(3), WHEAT(4)]
2 > Nodes: [221464644, 1093128472, 1639921328], Tiles: [TREE(3), SHEEP(5)]
3 > Nodes: [361580367, 2022308026, 1970669435], Tiles: [WHEAT(4), SHEEP(5), SHEEP(11)]
4 > Nodes: [1639921328, 1997707300, 246224620], Tiles: [WHEAT(4), SHEEP(11)]
5 > Nodes: [2018447745, 404449016, 2022308026], Tiles: [IRON(3), WHEAT(4), WHEAT(6)]
, SHEEP(5)
0 > Nodes: [221464644, 1093128472, 1639921328], Tiles: [TREE(3), SHEEP(5)]
1 > Nodes: [585747893, 361580367, 2010205278], Tiles: [TREE(3), IRON(8), SHEEP(5)]
2 > Nodes: [519549687, 221464644, 2110245557], Tiles: [IRON(8)]
3 > Nodes: [2010205278, 1970669435], Tiles: [SHEEP(5)]
4 > Nodes: [2110245557, 1639921328, 970351531], Tiles: [SHEEP(5)]
5 > Nodes: [361580367, 2022308026, 1970669435], Tiles: [WHEAT(4), SHEEP(5), SHEEP(11)]
, MUD(5)
0 > Nodes: [1343802392, 360636522, 995626758], Tiles: [TREE(8)]
1 > Nodes: [43575573, 9030383, 404449016], Tiles: [TREE(8), IRON(3), MUD(5)]
2 > Nodes: [1997707300, 1343802392, 916036598], Tiles: [IRON(3), WHEAT(6)]
3 > Nodes: [404449016, 1139415372, 107123605], Tiles: [MUD(5), WHEAT(6)]
4 > Nodes: [916036598, 995626758], Tiles: [MUD(5)]
5 > Nodes: [9030383, 1139415372], Tiles: [MUD(5)]
, WHEAT(6)
0 > Nodes: [1997707300, 1343802392, 916036598], Tiles: [IRON(3), WHEAT(6)]
1 > Nodes: [2018447745, 404449016, 2022308026], Tiles: [IRON(3), WHEAT(4), WHEAT(6)]
2 > Nodes: [1639921328, 1997707300, 246224620], Tiles: [WHEAT(4), SHEEP(11)]
3 > Nodes: [2022308026, 107123605, 1621032899], Tiles: [WHEAT(6), SHEEP(11)]
4 > Nodes: [246224620, 916036598], Tiles: [WHEAT(6)]
5 > Nodes: [404449016, 1139415372, 107123605], Tiles: [MUD(5), WHEAT(6)]
, SHEEP(11)
0 > Nodes: [1639921328, 1997707300, 246224620], Tiles: [WHEAT(4), SHEEP(11)]
1 > Nodes: [361580367, 2022308026, 1970669435], Tiles: [WHEAT(4), SHEEP(5), SHEEP(11)]
2 > Nodes: [2110245557, 1639921328, 970351531], Tiles: [SHEEP(5)]
3 > Nodes: [1970669435, 1621032899], Tiles: [SHEEP(11)]
4 > Nodes: [970351531, 246224620], Tiles: [SHEEP(11)]
5 > Nodes: [2022308026, 107123605, 1621032899], Tiles: [WHEAT(6), SHEEP(11)]
]
]]></system-out>
  <system-err><![CDATA[]]></system-err>
</testsuite>
